execve("/usr/bin/setarch", ["setarch", "x86_64", "-R", "./build/loader", "Tailbench/tailbench/silo/tailben"...], 0x7ffd551c1828 /* 101 vars */) = 0
brk(NULL)                               = 0x626ed4a86000
mmap(NULL, 8192, PROT_READ|PROT_WRITE, MAP_PRIVATE|MAP_ANONYMOUS, -1, 0) = 0x7dadc960c000
access("/etc/ld.so.preload", R_OK)      = -1 ENOENT (No existe el archivo o el directorio)
openat(AT_FDCWD, "/etc/ld.so.cache", O_RDONLY|O_CLOEXEC) = 4
fstat(4, {st_mode=S_IFREG|0644, st_size=127399, ...}) = 0
mmap(NULL, 127399, PROT_READ, MAP_PRIVATE, 4, 0) = 0x7dadc95ec000
close(4)                                = 0
openat(AT_FDCWD, "/lib/x86_64-linux-gnu/libc.so.6", O_RDONLY|O_CLOEXEC) = 4
read(4, "\177ELF\2\1\1\3\0\0\0\0\0\0\0\0\3\0>\0\1\0\0\0\220\243\2\0\0\0\0\0"..., 832) = 832
pread64(4, "\6\0\0\0\4\0\0\0@\0\0\0\0\0\0\0@\0\0\0\0\0\0\0@\0\0\0\0\0\0\0"..., 784, 64) = 784
fstat(4, {st_mode=S_IFREG|0755, st_size=2125328, ...}) = 0
pread64(4, "\6\0\0\0\4\0\0\0@\0\0\0\0\0\0\0@\0\0\0\0\0\0\0@\0\0\0\0\0\0\0"..., 784, 64) = 784
mmap(NULL, 2170256, PROT_READ, MAP_PRIVATE|MAP_DENYWRITE, 4, 0) = 0x7dadc9200000
mmap(0x7dadc9228000, 1605632, PROT_READ|PROT_EXEC, MAP_PRIVATE|MAP_FIXED|MAP_DENYWRITE, 4, 0x28000) = 0x7dadc9228000
mmap(0x7dadc93b0000, 323584, PROT_READ, MAP_PRIVATE|MAP_FIXED|MAP_DENYWRITE, 4, 0x1b0000) = 0x7dadc93b0000
mmap(0x7dadc93ff000, 24576, PROT_READ|PROT_WRITE, MAP_PRIVATE|MAP_FIXED|MAP_DENYWRITE, 4, 0x1fe000) = 0x7dadc93ff000
mmap(0x7dadc9405000, 52624, PROT_READ|PROT_WRITE, MAP_PRIVATE|MAP_FIXED|MAP_ANONYMOUS, -1, 0) = 0x7dadc9405000
close(4)                                = 0
mmap(NULL, 12288, PROT_READ|PROT_WRITE, MAP_PRIVATE|MAP_ANONYMOUS, -1, 0) = 0x7dadc95e9000
arch_prctl(ARCH_SET_FS, 0x7dadc95e9740) = 0
set_tid_address(0x7dadc95e9a10)         = 155522
set_robust_list(0x7dadc95e9a20, 24)     = 0
rseq(0x7dadc95ea060, 0x20, 0, 0x53053053) = 0
mprotect(0x7dadc93ff000, 16384, PROT_READ) = 0
mprotect(0x626ecd939000, 4096, PROT_READ) = 0
mprotect(0x7dadc964c000, 8192, PROT_READ) = 0
prlimit64(0, RLIMIT_STACK, NULL, {rlim_cur=8192*1024, rlim_max=RLIM64_INFINITY}) = 0
munmap(0x7dadc95ec000, 127399)          = 0
getrandom("\xcb\x31\x4c\xc0\x41\xce\x8d\xf2", 8, GRND_NONBLOCK) = 8
brk(NULL)                               = 0x626ed4a86000
brk(0x626ed4aa7000)                     = 0x626ed4aa7000
openat(AT_FDCWD, "/usr/lib/locale/locale-archive", O_RDONLY|O_CLOEXEC) = 4
fstat(4, {st_mode=S_IFREG|0644, st_size=8398816, ...}) = 0
mmap(NULL, 8398816, PROT_READ, MAP_PRIVATE, 4, 0) = 0x7dadc8800000
close(4)                                = 0
uname({sysname="Linux", nodename="daniel-swiftsfg1672", ...}) = 0
personality(PER_LINUX|ADDR_NO_RANDOMIZE) = 0 (PER_LINUX)
uname({sysname="Linux", nodename="daniel-swiftsfg1672", ...}) = 0
execve("./build/loader", ["./build/loader", "Tailbench/tailbench/silo/tailben"...], 0x7ffe89acb1e8 /* 101 vars */) = 0
brk(NULL)                               = 0x200bb000
brk(0x200bbd00)                         = 0x200bbd00
arch_prctl(ARCH_SET_FS, 0x200bb380)     = 0
set_tid_address(0x200bb650)             = 155522
set_robust_list(0x200bb660, 24)         = 0
rseq(0x200bbca0, 0x20, 0, 0x53053053)   = 0
prlimit64(0, RLIMIT_STACK, NULL, {rlim_cur=8192*1024, rlim_max=RLIM64_INFINITY}) = 0
readlinkat(AT_FDCWD, "/proc/self/exe", "/home/daniel/proyectos_personale"..., 4096) = 70
getrandom("\xbe\xb3\x22\xcf\x68\x38\x18\xe2", 8, GRND_NONBLOCK) = 8
brk(NULL)                               = 0x200bbd00
brk(0x200dcd00)                         = 0x200dcd00
brk(0x200dd000)                         = 0x200dd000
mprotect(0x200ae000, 20480, PROT_READ)  = 0
write(2, "[loader] Opening checkpoint...\n", 31[loader] Opening checkpoint...
) = 31
openat(AT_FDCWD, "Tailbench/tailbench/silo/tailbench_dump.ckpt", O_RDONLY) = 4
read(4, "\0TPKC5MG\1\0\0\0J\0\0\0\0\0\0\0\0\0\0\0@\260\203\365\377\177\0\0"..., 288) = 288
write(2, "[loader] ROI RIP=", 17[loader] ROI RIP=)       = 17
write(2, "0x", 20x)                       = 2
write(2, "555555515a8c", 12555555515a8c)            = 12
write(2, "  RSP=", 6  RSP=)                   = 6
write(2, "0x", 20x)                       = 2
write(2, "7ffff07fdd70", 127ffff07fdd70)            = 12
write(2, "\n", 1
)                       = 1
read(4, "\0\0@UUU\0\0\0\220SUUU\0\0\5\0\0\0\10\0\0\0000\37\0\0\0\0\0\0"..., 7696) = 7696
write(2, "[loader] Loading region payloads"..., 36[loader] Loading region payloads...
) = 36
mmap(NULL, 1286144, PROT_READ|PROT_WRITE, MAP_PRIVATE|MAP_ANONYMOUS, -1, 0) = 0x7ffff7ebd000
lseek(4, 7984, SEEK_SET)                = 7984
read(4, "\177ELF\2\1\1\3\0\0\0\0\0\0\0\0\3\0>\0\1\0\0\0\320#\1\0\0\0\0\0"..., 1282048) = 1282048
write(2, "[loader]   LOADED 0x", 20[loader]   LOADED 0x)    = 20
write(2, "0x", 20x)                       = 2
write(2, "555555400000", 12555555400000)            = 12
write(2, "-0x", 3-0x)                      = 3
write(2, "0x", 20x)                       = 2
write(2, "555555539000", 12555555539000)            = 12
write(2, "  ", 2  )                       = 2
write(2, "/tailbench/tailbench/silo/out-pe"..., 63/tailbench/tailbench/silo/out-perf.masstree/benchmarks/dbtest_i) = 63
write(2, "\n", 1
)                       = 1
lseek(4, 1290032, SEEK_SET)             = 1290032
read(4, "\0\0\0\0\0\0\0\0\0\0\0\0\0\0\0\0\0\0\0\0\0\0\0\0\0\0\0\0\0\0\0\0"..., 16384) = 16384
write(2, "[loader]   LOADED 0x", 20[loader]   LOADED 0x)    = 20
write(2, "0x", 20x)                       = 2
write(2, "555555739000", 12555555739000)            = 12
write(2, "-0x", 3-0x)                      = 3
write(2, "0x", 20x)                       = 2
write(2, "55555573d000", 1255555573d000)            = 12
write(2, "  ", 2  )                       = 2
write(2, "/tailbench/tailbench/silo/out-pe"..., 63/tailbench/tailbench/silo/out-perf.masstree/benchmarks/dbtest_i) = 63
write(2, "\n", 1
)                       = 1
lseek(4, 1306416, SEEK_SET)             = 1306416
read(4, "\0\0\0\0\0\0\0\0\10\320sUUU\0\0\0\0\0\0\0\0\0\0\0\0\0\0\0\0\0\0"..., 4096) = 4096
write(2, "[loader]   LOADED 0x", 20[loader]   LOADED 0x)    = 20
write(2, "0x", 20x)                       = 2
write(2, "55555573d000", 1255555573d000)            = 12
write(2, "-0x", 3-0x)                      = 3
write(2, "0x", 20x)                       = 2
write(2, "55555573e000", 1255555573e000)            = 12
write(2, "  ", 2  )                       = 2
write(2, "/tailbench/tailbench/silo/out-pe"..., 63/tailbench/tailbench/silo/out-perf.masstree/benchmarks/dbtest_i) = 63
write(2, "\n", 1
)                       = 1
mmap(NULL, 3936256, PROT_READ|PROT_WRITE, MAP_PRIVATE|MAP_ANONYMOUS, -1, 0) = 0x7ffff7afc000
lseek(4, 1310512, SEEK_SET)             = 1310512
read(4, "\0\0\0\0\0\0\0\0\0\0\0\0\0\0\0\0\0\0\0\0\0\0\0\0\0\0\0\0\0\0\0\0"..., 3932160) = 3932160
write(2, "[loader]   LOADED 0x", 20[loader]   LOADED 0x)    = 20
write(2, "0x", 20x)                       = 2
write(2, "55555573e000", 1255555573e000)            = 12
write(2, "-0x", 3-0x)                      = 3
write(2, "0x", 20x)                       = 2
write(2, "555555afe000", 12555555afe000)            = 12
write(2, "  ", 2  )                       = 2
write(2, "", 0)                         = 0
write(2, "\n", 1
)                       = 1
mmap(NULL, 184553472, PROT_READ|PROT_WRITE, MAP_PRIVATE|MAP_ANONYMOUS, -1, 0) = 0x7fffecafb000
lseek(4, 5242672, SEEK_SET)             = 5242672
read(4, "\200\265\301\365\377\177\0\0\30\266\301\365\377\177\0\0\30\266\301\365\377\177\0\0\3\0\0\0\0\0\0\0"..., 184549376) = 184549376
write(2, "[loader]   LOADED 0x", 20[loader]   LOADED 0x)    = 20
write(2, "0x", 20x)                       = 2
write(2, "7fffe4c00000", 127fffe4c00000)            = 12
write(2, "-0x", 3-0x)                      = 3
write(2, "0x", 20x)                       = 2
write(2, "7fffefc00000", 127fffefc00000)            = 12
write(2, "  ", 2  )                       = 2
write(2, "", 0)                         = 0
write(2, "\n", 1
)                       = 1
mmap(NULL, 8392704, PROT_READ|PROT_WRITE, MAP_PRIVATE|MAP_ANONYMOUS, -1, 0) = 0x7fffec2fa000
lseek(4, 189792048, SEEK_SET)           = 189792048
read(4, "\0\0\0\0\0\0\0\0\0\0\0\0\0\0\0\0\0\0\0\0\0\0\0\0\0\0\0\0\0\0\0\0"..., 8388608) = 8388608
write(2, "[loader]   LOADED 0x", 20[loader]   LOADED 0x)    = 20
write(2, "0x", 20x)                       = 2
write(2, "7fffeffff000", 127fffeffff000)            = 12
write(2, "-0x", 3-0x)                      = 3
write(2, "0x", 20x)                       = 2
write(2, "7ffff07ff000", 127ffff07ff000)            = 12
write(2, "  ", 2  )                       = 2
write(2, "", 0)                         = 0
write(2, "\n", 1
)                       = 1
mmap(NULL, 4198400, PROT_READ|PROT_WRITE, MAP_PRIVATE|MAP_ANONYMOUS, -1, 0) = 0x7fffebef9000
lseek(4, 198180656, SEEK_SET)           = 198180656
read(4, "\200\265\301\365\377\177\0\0\30\266\301\365\377\177\0\0\30\266\301\365\377\177\0\0\t\0\0\0\0\0\0\0"..., 4194304) = 4194304
write(2, "[loader]   LOADED 0x", 20[loader]   LOADED 0x)    = 20
write(2, "0x", 20x)                       = 2
write(2, "7ffff0800000", 127ffff0800000)            = 12
write(2, "-0x", 3-0x)                      = 3
write(2, "0x", 20x)                       = 2
write(2, "7ffff0c00000", 127ffff0c00000)            = 12
write(2, "  ", 2  )                       = 2
write(2, "", 0)                         = 0
write(2, "\n", 1
)                       = 1
mmap(NULL, 8392704, PROT_READ|PROT_WRITE, MAP_PRIVATE|MAP_ANONYMOUS, -1, 0) = 0x7fffeb6f8000
lseek(4, 202374960, SEEK_SET)           = 202374960
read(4, "\0\0\0\0\0\0\0\0\0\0\0\0\0\0\0\0\0\0\0\0\0\0\0\0\0\0\0\0\0\0\0\0"..., 8388608) = 8388608
write(2, "[loader]   LOADED 0x", 20[loader]   LOADED 0x)    = 20
write(2, "0x", 20x)                       = 2
write(2, "7ffff0fff000", 127ffff0fff000)            = 12
write(2, "-0x", 3-0x)                      = 3
write(2, "0x", 20x)                       = 2
write(2, "7ffff17ff000", 127ffff17ff000)            = 12
write(2, "  ", 2  )                       = 2
write(2, "", 0)                         = 0
write(2, "\n", 1
)                       = 1
mmap(NULL, 8392704, PROT_READ|PROT_WRITE, MAP_PRIVATE|MAP_ANONYMOUS, -1, 0) = 0x7fffeaef7000
lseek(4, 210763568, SEEK_SET)           = 210763568
read(4, "\0\0\0\0\0\0\0\0\0\0\0\0\0\0\0\0\0\0\0\0\0\0\0\0\0\0\0\0\0\0\0\0"..., 8388608) = 8388608
write(2, "[loader]   LOADED 0x", 20[loader]   LOADED 0x)    = 20
write(2, "0x", 20x)                       = 2
write(2, "7ffff1800000", 127ffff1800000)            = 12
write(2, "-0x", 3-0x)                      = 3
write(2, "0x", 20x)                       = 2
write(2, "7ffff2000000", 127ffff2000000)            = 12
write(2, "  ", 2  )                       = 2
write(2, "", 0)                         = 0
write(2, "\n", 1
)                       = 1
mmap(NULL, 8392704, PROT_READ|PROT_WRITE, MAP_PRIVATE|MAP_ANONYMOUS, -1, 0) = 0x7fffea6f6000
lseek(4, 219152176, SEEK_SET)           = 219152176
read(4, "\200$\301\365\377\177\0\0\30%\301\365\377\177\0\0\31%\301\365\377\177\0\0\f\0\0\0\0\0\0\0"..., 8388608) = 8388608
write(2, "[loader]   LOADED 0x", 20[loader]   LOADED 0x)    = 20
write(2, "0x", 20x)                       = 2
write(2, "7ffff2000000", 127ffff2000000)            = 12
write(2, "-0x", 3-0x)                      = 3
write(2, "0x", 20x)                       = 2
write(2, "7ffff2800000", 127ffff2800000)            = 12
write(2, "  ", 2  )                       = 2
write(2, "", 0)                         = 0
write(2, "\n", 1
)                       = 1
mmap(NULL, 8392704, PROT_READ|PROT_WRITE, MAP_PRIVATE|MAP_ANONYMOUS, -1, 0) = 0x7fffe9ef5000
lseek(4, 227540784, SEEK_SET)           = 227540784
read(4, "\0\0\0\0\0\0\0\0\0\0\0\0\0\0\0\0\0\0\0\0\0\0\0\0\0\0\0\0\0\0\0\0"..., 8388608) = 8388608
write(2, "[loader]   LOADED 0x", 20[loader]   LOADED 0x)    = 20
write(2, "0x", 20x)                       = 2
write(2, "7ffff2a00000", 127ffff2a00000)            = 12
write(2, "-0x", 3-0x)                      = 3
write(2, "0x", 20x)                       = 2
write(2, "7ffff3200000", 127ffff3200000)            = 12
write(2, "  ", 2  )                       = 2
write(2, "", 0)                         = 0
write(2, "\n", 1
)                       = 1
mmap(NULL, 16781312, PROT_READ|PROT_WRITE, MAP_PRIVATE|MAP_ANONYMOUS, -1, 0) = 0x7fffe8ef4000
lseek(4, 235929392, SEEK_SET)           = 235929392
read(4, "\200\223\300\365\377\177\0\0\0\0@\364\377\177\0\0\30\224\300\365\377\177\0\0\1\1\0\0\0\0\0\0"..., 16777216) = 16777216
write(2, "[loader]   LOADED 0x", 20[loader]   LOADED 0x)    = 20
write(2, "0x", 20x)                       = 2
write(2, "7ffff3c00000", 127ffff3c00000)            = 12
write(2, "-0x", 3-0x)                      = 3
write(2, "0x", 20x)                       = 2
write(2, "7ffff4c00000", 127ffff4c00000)            = 12
write(2, "  ", 2  )                       = 2
write(2, "", 0)                         = 0
write(2, "\n", 1
)                       = 1
mmap(NULL, 8392704, PROT_READ|PROT_WRITE, MAP_PRIVATE|MAP_ANONYMOUS, -1, 0) = 0x7fffe86f3000
lseek(4, 252706608, SEEK_SET)           = 252706608
read(4, "\0\0\0\0\0\0\0\0\0\0\0\0\0\0\0\0\0\0\0\0\0\0\0\0\0\0\0\0\0\0\0\0"..., 8388608) = 8388608
write(2, "[loader]   LOADED 0x", 20[loader]   LOADED 0x)    = 20
write(2, "0x", 20x)                       = 2
write(2, "7ffff5000000", 127ffff5000000)            = 12
write(2, "-0x", 3-0x)                      = 3
write(2, "0x", 20x)                       = 2
write(2, "7ffff5800000", 127ffff5800000)            = 12
write(2, "  ", 2  )                       = 2
write(2, "", 0)                         = 0
write(2, "\n", 1
)                       = 1
mmap(NULL, 8392704, PROT_READ|PROT_WRITE, MAP_PRIVATE|MAP_ANONYMOUS, -1, 0) = 0x7fffe7ef2000
lseek(4, 261095216, SEEK_SET)           = 261095216
read(4, "\300\0\300\365\377\177\0\0X\1\300\365\377\177\0\0X\1\300\365\377\177\0\0\0\0\0\0\0\0\0\0"..., 8388608) = 8388608
write(2, "[loader]   LOADED 0x", 20[loader]   LOADED 0x)    = 20
write(2, "0x", 20x)                       = 2
write(2, "7ffff5800000", 127ffff5800000)            = 12
write(2, "-0x", 3-0x)                      = 3
write(2, "0x", 20x)                       = 2
write(2, "7ffff6000000", 127ffff6000000)            = 12
write(2, "  ", 2  )                       = 2
write(2, "", 0)                         = 0
write(2, "\n", 1
)                       = 1
mmap(NULL, 1998848, PROT_READ|PROT_WRITE, MAP_PRIVATE|MAP_ANONYMOUS, -1, 0) = 0x7fffe7d0a000
lseek(4, 269483824, SEEK_SET)           = 269483824
read(4, "\177ELF\2\1\1\3\0\0\0\0\0\0\0\0\3\0>\0\1\0\0\0\240\35\2\0\0\0\0\0"..., 1994752) = 1994752
write(2, "[loader]   LOADED 0x", 20[loader]   LOADED 0x)    = 20
write(2, "0x", 20x)                       = 2
write(2, "7ffff609a000", 127ffff609a000)            = 12
write(2, "-0x", 3-0x)                      = 3
write(2, "0x", 20x)                       = 2
write(2, "7ffff6281000", 127ffff6281000)            = 12
write(2, "  ", 2  )                       = 2
write(2, "/lib/x86_64-linux-gnu/libc-2.27."..., 34/lib/x86_64-linux-gnu/libc-2.27.so) = 34
write(2, "\n", 1
)                       = 1
lseek(4, 271478576, SEEK_SET)           = 271478576
read(4, "\0\0\0\0\0\0\0\0\0\0\0\0\0\0\0\0\0\0\0\0\0\0\0\0\0\0\0\0\0\0\0\0"..., 16384) = 16384
write(2, "[loader]   LOADED 0x", 20[loader]   LOADED 0x)    = 20
write(2, "0x", 20x)                       = 2
write(2, "7ffff6481000", 127ffff6481000)            = 12
write(2, "-0x", 3-0x)                      = 3
write(2, "0x", 20x)                       = 2
write(2, "7ffff6485000", 127ffff6485000)            = 12
write(2, "  ", 2  )                       = 2
write(2, "/lib/x86_64-linux-gnu/libc-2.27."..., 34/lib/x86_64-linux-gnu/libc-2.27.so) = 34
write(2, "\n", 1
)                       = 1
lseek(4, 271494960, SEEK_SET)           = 271494960
read(4, "\200\253>\0\0\0\0\0\320.\376\367\377\177\0\0\360\250\336\367\377\177\0\0\220\211\"\366\377\177\0\0"..., 8192) = 8192
write(2, "[loader]   LOADED 0x", 20[loader]   LOADED 0x)    = 20
write(2, "0x", 20x)                       = 2
write(2, "7ffff6485000", 127ffff6485000)            = 12
write(2, "-0x", 3-0x)                      = 3
write(2, "0x", 20x)                       = 2
write(2, "7ffff6487000", 127ffff6487000)            = 12
write(2, "  ", 2  )                       = 2
write(2, "/lib/x86_64-linux-gnu/libc-2.27."..., 34/lib/x86_64-linux-gnu/libc-2.27.so) = 34
write(2, "\n", 1
)                       = 1
lseek(4, 271503152, SEEK_SET)           = 271503152
read(4, "\0\0\0\0\0\0\0\0\0\0\0\0\0\0\0\0\4\0\0\0\0\0\0\0|@(\253)\275Y\""..., 16384) = 16384
write(2, "[loader]   LOADED 0x", 20[loader]   LOADED 0x)    = 20
write(2, "0x", 20x)                       = 2
write(2, "7ffff6487000", 127ffff6487000)            = 12
write(2, "-0x", 3-0x)                      = 3
write(2, "0x", 20x)                       = 2
write(2, "7ffff648b000", 127ffff648b000)            = 12
write(2, "  ", 2  )                       = 2
write(2, "", 0)                         = 0
write(2, "\n", 1
)                       = 1
brk(0x20105000)                         = 0x20105000
lseek(4, 271519536, SEEK_SET)           = 271519536
read(4, "\177ELF\2\1\1\0\0\0\0\0\0\0\0\0\3\0>\0\1\0\0\0\300*\0\0\0\0\0\0"..., 94208) = 94208
write(2, "[loader]   LOADED 0x", 20[loader]   LOADED 0x)    = 20
write(2, "0x", 20x)                       = 2
write(2, "7ffff648b000", 127ffff648b000)            = 12
write(2, "-0x", 3-0x)                      = 3
write(2, "0x", 20x)                       = 2
write(2, "7ffff64a2000", 127ffff64a2000)            = 12
write(2, "  ", 2  )                       = 2
write(2, "/lib/x86_64-linux-gnu/libgcc_s.s"..., 35/lib/x86_64-linux-gnu/libgcc_s.so.1) = 35
write(2, "\n", 1
)                       = 1
lseek(4, 271613744, SEEK_SET)           = 271613744
read(4, "\220\32\0\0\334\310\377\377\32\1\0\0\0B\16\20\214\2A\16\30\206\3A\16 \203\4\2\271\n\16"..., 4096) = 4096
write(2, "[loader]   LOADED 0x", 20[loader]   LOADED 0x)    = 20
write(2, "0x", 20x)                       = 2
write(2, "7ffff66a1000", 127ffff66a1000)            = 12
write(2, "-0x", 3-0x)                      = 3
write(2, "0x", 20x)                       = 2
write(2, "7ffff66a2000", 127ffff66a2000)            = 12
write(2, "  ", 2  )                       = 2
write(2, "/lib/x86_64-linux-gnu/libgcc_s.s"..., 35/lib/x86_64-linux-gnu/libgcc_s.so.1) = 35
write(2, "\n", 1
)                       = 1
lseek(4, 271617840, SEEK_SET)           = 271617840
read(4, "\340m!\0\0\0\0\0\340)\376\367\377\177\0\0\360\250\336\367\377\177\0\0\26\330H\366\377\177\0\0"..., 4096) = 4096
write(2, "[loader]   LOADED 0x", 20[loader]   LOADED 0x)    = 20
write(2, "0x", 20x)                       = 2
write(2, "7ffff66a2000", 127ffff66a2000)            = 12
write(2, "-0x", 3-0x)                      = 3
write(2, "0x", 20x)                       = 2
write(2, "7ffff66a3000", 127ffff66a3000)            = 12
write(2, "  ", 2  )                       = 2
write(2, "/lib/x86_64-linux-gnu/libgcc_s.s"..., 35/lib/x86_64-linux-gnu/libgcc_s.so.1) = 35
write(2, "\n", 1
)                       = 1
mmap(NULL, 1695744, PROT_READ|PROT_WRITE, MAP_PRIVATE|MAP_ANONYMOUS, -1, 0) = 0x7fffe7b6c000
lseek(4, 271621936, SEEK_SET)           = 271621936
read(4, "\177ELF\2\1\1\3\0\0\0\0\0\0\0\0\3\0>\0\1\0\0\0\200\272\0\0\0\0\0\0"..., 1691648) = 1691648
write(2, "[loader]   LOADED 0x", 20[loader]   LOADED 0x)    = 20
write(2, "0x", 20x)                       = 2
write(2, "7ffff66a3000", 127ffff66a3000)            = 12
write(2, "-0x", 3-0x)                      = 3
write(2, "0x", 20x)                       = 2
write(2, "7ffff6840000", 127ffff6840000)            = 12
write(2, "  ", 2  )                       = 2
write(2, "/lib/x86_64-linux-gnu/libm-2.27."..., 34/lib/x86_64-linux-gnu/libm-2.27.so) = 34
write(2, "\n", 1
)                       = 1
lseek(4, 273313584, SEEK_SET)           = 273313584
read(4, "\0\0\0\0\335\3\0\0\0\0\0\0\0\0\0\0\0\0\0\0\0\0\0\0\0\0\0\0\0\0\0\0"..., 4096) = 4096
write(2, "[loader]   LOADED 0x", 20[loader]   LOADED 0x)    = 20
write(2, "0x", 20x)                       = 2
write(2, "7ffff6a3f000", 127ffff6a3f000)            = 12
write(2, "-0x", 3-0x)                      = 3
write(2, "0x", 20x)                       = 2
write(2, "7ffff6a40000", 127ffff6a40000)            = 12
write(2, "  ", 2  )                       = 2
write(2, "/lib/x86_64-linux-gnu/libm-2.27."..., 34/lib/x86_64-linux-gnu/libm-2.27.so) = 34
write(2, "\n", 1
)                       = 1
lseek(4, 273317680, SEEK_SET)           = 273317680
read(4, "\220\3159\0\0\0\0\0\360$\376\367\377\177\0\0\360\250\336\367\377\177\0\0P\233r\366\377\177\0\0"..., 4096) = 4096
write(2, "[loader]   LOADED 0x", 20[loader]   LOADED 0x)    = 20
write(2, "0x", 20x)                       = 2
write(2, "7ffff6a40000", 127ffff6a40000)            = 12
write(2, "-0x", 3-0x)                      = 3
write(2, "0x", 20x)                       = 2
write(2, "7ffff6a41000", 127ffff6a41000)            = 12
write(2, "  ", 2  )                       = 2
write(2, "/lib/x86_64-linux-gnu/libm-2.27."..., 34/lib/x86_64-linux-gnu/libm-2.27.so) = 34
write(2, "\n", 1
)                       = 1
mmap(NULL, 1548288, PROT_READ|PROT_WRITE, MAP_PRIVATE|MAP_ANONYMOUS, -1, 0) = 0x7fffe79f2000
lseek(4, 273321776, SEEK_SET)           = 273321776
read(4, "\177ELF\2\1\1\3\0\0\0\0\0\0\0\0\3\0>\0\1\0\0\0\220\304\10\0\0\0\0\0"..., 1544192) = 1544192
write(2, "[loader]   LOADED 0x", 20[loader]   LOADED 0x)    = 20
write(2, "0x", 20x)                       = 2
write(2, "7ffff6a41000", 127ffff6a41000)            = 12
write(2, "-0x", 3-0x)                      = 3
write(2, "0x", 20x)                       = 2
write(2, "7ffff6bba000", 127ffff6bba000)            = 12
write(2, "  ", 2  )                       = 2
write(2, "/usr/lib/x86_64-linux-gnu/libstd"..., 45/usr/lib/x86_64-linux-gnu/libstdc++.so.6.0.25) = 45
write(2, "\n", 1
)                       = 1
lseek(4, 274865968, SEEK_SET)           = 274865968
read(4, "\0\0\0\0\0\0\0\0\0\0\0\0\0\0\0\0\0\0\0\0\0\0\0\0\0\0\0\0\0\0\0\0"..., 40960) = 40960
write(2, "[loader]   LOADED 0x", 20[loader]   LOADED 0x)    = 20
write(2, "0x", 20x)                       = 2
write(2, "7ffff6dba000", 127ffff6dba000)            = 12
write(2, "-0x", 3-0x)                      = 3
write(2, "0x", 20x)                       = 2
write(2, "7ffff6dc4000", 127ffff6dc4000)            = 12
write(2, "  ", 2  )                       = 2
write(2, "/usr/lib/x86_64-linux-gnu/libstd"..., 45/usr/lib/x86_64-linux-gnu/libstdc++.so.6.0.25) = 45
write(2, "\n", 1
)                       = 1
lseek(4, 274906928, SEEK_SET)           = 274906928
read(4, "(\358\0\0\0\0\0\0 \376\367\377\177\0\0\360\250\336\367\377\177\0\0\366\237\254\366\377\177\0\0"..., 8192) = 8192
write(2, "[loader]   LOADED 0x", 20[loader]   LOADED 0x)    = 20
write(2, "0x", 20x)                       = 2
write(2, "7ffff6dc4000", 127ffff6dc4000)            = 12
write(2, "-0x", 3-0x)                      = 3
write(2, "0x", 20x)                       = 2
write(2, "7ffff6dc6000", 127ffff6dc6000)            = 12
write(2, "  ", 2  )                       = 2
write(2, "/usr/lib/x86_64-linux-gnu/libstd"..., 45/usr/lib/x86_64-linux-gnu/libstdc++.so.6.0.25) = 45
write(2, "\n", 1
)                       = 1
lseek(4, 274915120, SEEK_SET)           = 274915120
read(4, "\0\0\0\0\0\0\0\0\0\0\0\0\0\0\0\0\0\0\0\0\0\0\0\0\0\0\0\0\0\0\0\0"..., 16384) = 16384
write(2, "[loader]   LOADED 0x", 20[loader]   LOADED 0x)    = 20
write(2, "0x", 20x)                       = 2
write(2, "7ffff6dc6000", 127ffff6dc6000)            = 12
write(2, "-0x", 3-0x)                      = 3
write(2, "0x", 20x)                       = 2
write(2, "7ffff6dca000", 127ffff6dca000)            = 12
write(2, "  ", 2  )                       = 2
write(2, "", 0)                         = 0
write(2, "\n", 1
)                       = 1
mmap(NULL, 1863680, PROT_READ|PROT_WRITE, MAP_PRIVATE|MAP_ANONYMOUS, -1, 0) = 0x7fffe782b000
lseek(4, 274931504, SEEK_SET)           = 274931504
read(4, "\177ELF\2\1\1\0\0\0\0\0\0\0\0\0\3\0>\0\1\0\0\0p\335\2\0\0\0\0\0"..., 1859584) = 1859584
write(2, "[loader]   LOADED 0x", 20[loader]   LOADED 0x)    = 20
write(2, "0x", 20x)                       = 2
write(2, "7ffff6dca000", 127ffff6dca000)            = 12
write(2, "-0x", 3-0x)                      = 3
write(2, "0x", 20x)                       = 2
write(2, "7ffff6f90000", 127ffff6f90000)            = 12
write(2, "  ", 2  )                       = 2
write(2, "/usr/lib/x86_64-linux-gnu/libdb_"..., 42/usr/lib/x86_64-linux-gnu/libdb_cxx-5.3.so) = 42
write(2, "\n", 1
)                       = 1
lseek(4, 276791088, SEEK_SET)           = 276791088
read(4, "\0\0\0\0\0\0\0\0\0\0\0\0\0\0\0\0\0\0\0\0\0\0\0\0\0\0\0\0\0\0\0\0"..., 28672) = 28672
write(2, "[loader]   LOADED 0x", 20[loader]   LOADED 0x)    = 20
write(2, "0x", 20x)                       = 2
write(2, "7ffff7190000", 127ffff7190000)            = 12
write(2, "-0x", 3-0x)                      = 3
write(2, "0x", 20x)                       = 2
write(2, "7ffff7197000", 127ffff7197000)            = 12
write(2, "  ", 2  )                       = 2
write(2, "/usr/lib/x86_64-linux-gnu/libdb_"..., 42/usr/lib/x86_64-linux-gnu/libdb_cxx-5.3.so) = 42
write(2, "\n", 1
)                       = 1
lseek(4, 276819760, SEEK_SET)           = 276819760
read(4, "8\312<\0\0\0\0\0\2009\377\367\377\177\0\0\360\250\336\367\377\177\0\0Vt\337\366\377\177\0\0"..., 4096) = 4096
write(2, "[loader]   LOADED 0x", 20[loader]   LOADED 0x)    = 20
write(2, "0x", 20x)                       = 2
write(2, "7ffff7197000", 127ffff7197000)            = 12
write(2, "-0x", 3-0x)                      = 3
write(2, "0x", 20x)                       = 2
write(2, "7ffff7198000", 127ffff7198000)            = 12
write(2, "  ", 2  )                       = 2
write(2, "/usr/lib/x86_64-linux-gnu/libdb_"..., 42/usr/lib/x86_64-linux-gnu/libdb_cxx-5.3.so) = 42
write(2, "\n", 1
)                       = 1
mmap(NULL, 212992, PROT_READ|PROT_WRITE, MAP_PRIVATE|MAP_ANONYMOUS, -1, 0) = 0x7fffe77f7000
lseek(4, 276823856, SEEK_SET)           = 276823856
read(4, "\177ELF\2\1\1\0\0\0\0\0\0\0\0\0\3\0>\0\1\0\0\0\3001\0\0\0\0\0\0"..., 208896) = 208896
write(2, "[loader]   LOADED 0x", 20[loader]   LOADED 0x)    = 20
write(2, "0x", 20x)                       = 2
write(2, "7ffff7198000", 127ffff7198000)            = 12
write(2, "-0x", 3-0x)                      = 3
write(2, "0x", 20x)                       = 2
write(2, "7ffff71cb000", 127ffff71cb000)            = 12
write(2, "  ", 2  )                       = 2
write(2, "/usr/lib/x86_64-linux-gnu/libjem"..., 42/usr/lib/x86_64-linux-gnu/libjemalloc.so.1) = 42
write(2, "\n", 1
)                       = 1
lseek(4, 277032752, SEEK_SET)           = 277032752
read(4, "\206\6A\168\203\7G\16@\2\204\n\168D\0160A\16(B\16 B\16\30B\16\20B\16"..., 8192) = 8192
write(2, "[loader]   LOADED 0x", 20[loader]   LOADED 0x)    = 20
write(2, "0x", 20x)                       = 2
write(2, "7ffff73ca000", 127ffff73ca000)            = 12
write(2, "-0x", 3-0x)                      = 3
write(2, "0x", 20x)                       = 2
write(2, "7ffff73cc000", 127ffff73cc000)            = 12
write(2, "  ", 2  )                       = 2
write(2, "/usr/lib/x86_64-linux-gnu/libjem"..., 42/usr/lib/x86_64-linux-gnu/libjemalloc.so.1) = 42
write(2, "\n", 1
)                       = 1
lseek(4, 277040944, SEEK_SET)           = 277040944
read(4, "p=#\0\0\0\0\0p4\377\367\377\177\0\0\360\250\336\367\377\177\0\0\320\306\r\366\377\177\0\0"..., 4096) = 4096
write(2, "[loader]   LOADED 0x", 20[loader]   LOADED 0x)    = 20
write(2, "0x", 20x)                       = 2
write(2, "7ffff73cc000", 127ffff73cc000)            = 12
write(2, "-0x", 3-0x)                      = 3
write(2, "0x", 20x)                       = 2
write(2, "7ffff73cd000", 127ffff73cd000)            = 12
write(2, "  ", 2  )                       = 2
write(2, "/usr/lib/x86_64-linux-gnu/libjem"..., 42/usr/lib/x86_64-linux-gnu/libjemalloc.so.1) = 42
write(2, "\n", 1
)                       = 1
lseek(4, 277045040, SEEK_SET)           = 277045040
read(4, "\1\0\0\0\0\0\0\0\0\0\0\0\0\0\0\0\0\0\0\0\0\0\0\0\0\0\0\0\0\0\0\0"..., 4096) = 4096
write(2, "[loader]   LOADED 0x", 20[loader]   LOADED 0x)    = 20
write(2, "0x", 20x)                       = 2
write(2, "7ffff73cd000", 127ffff73cd000)            = 12
write(2, "-0x", 3-0x)                      = 3
write(2, "0x", 20x)                       = 2
write(2, "7ffff73ce000", 127ffff73ce000)            = 12
write(2, "  ", 2  )                       = 2
write(2, "", 0)                         = 0
write(2, "\n", 1
)                       = 1
brk(0x2012c000)                         = 0x2012c000
lseek(4, 277049136, SEEK_SET)           = 277049136
read(4, "\177ELF\2\1\1\0\0\0\0\0\0\0\0\0\3\0>\0\1\0\0\0\0\"\0\0\0\0\0\0"..., 28672) = 28672
write(2, "[loader]   LOADED 0x", 20[loader]   LOADED 0x)    = 20
write(2, "0x", 20x)                       = 2
write(2, "7ffff73ce000", 127ffff73ce000)            = 12
write(2, "-0x", 3-0x)                      = 3
write(2, "0x", 20x)                       = 2
write(2, "7ffff73d5000", 127ffff73d5000)            = 12
write(2, "  ", 2  )                       = 2
write(2, "/lib/x86_64-linux-gnu/librt-2.27"..., 35/lib/x86_64-linux-gnu/librt-2.27.so) = 35
write(2, "\n", 1
)                       = 1
lseek(4, 277077808, SEEK_SET)           = 277077808
read(4, "\0D\16\20T\16\10\0,\0\0\0\f\3\0\0P\330\377\377\35\5\0\0\0A\16\20\206\2C\r"..., 4096) = 4096
write(2, "[loader]   LOADED 0x", 20[loader]   LOADED 0x)    = 20
write(2, "0x", 20x)                       = 2
write(2, "7ffff75d4000", 127ffff75d4000)            = 12
write(2, "-0x", 3-0x)                      = 3
write(2, "0x", 20x)                       = 2
write(2, "7ffff75d5000", 127ffff75d5000)            = 12
write(2, "  ", 2  )                       = 2
write(2, "/lib/x86_64-linux-gnu/librt-2.27"..., 35/lib/x86_64-linux-gnu/librt-2.27.so) = 35
write(2, "\n", 1
)                       = 1
lseek(4, 277081904, SEEK_SET)           = 277081904
read(4, "\200m \0\0\0\0\0p/\377\367\377\177\0\0\360\250\336\367\377\177\0\0\206\376<\367\377\177\0\0"..., 4096) = 4096
write(2, "[loader]   LOADED 0x", 20[loader]   LOADED 0x)    = 20
write(2, "0x", 20x)                       = 2
write(2, "7ffff75d5000", 127ffff75d5000)            = 12
write(2, "-0x", 3-0x)                      = 3
write(2, "0x", 20x)                       = 2
write(2, "7ffff75d6000", 127ffff75d6000)            = 12
write(2, "  ", 2  )                       = 2
write(2, "/lib/x86_64-linux-gnu/librt-2.27"..., 35/lib/x86_64-linux-gnu/librt-2.27.so) = 35
write(2, "\n", 1
)                       = 1
lseek(4, 277086000, SEEK_SET)           = 277086000
read(4, "\177ELF\2\1\1\0\0\0\0\0\0\0\0\0\3\0>\0\1\0\0\0000.\0\0\0\0\0\0"..., 40960) = 40960
write(2, "[loader]   LOADED 0x", 20[loader]   LOADED 0x)    = 20
write(2, "0x", 20x)                       = 2
write(2, "7ffff75d6000", 127ffff75d6000)            = 12
write(2, "-0x", 3-0x)                      = 3
write(2, "0x", 20x)                       = 2
write(2, "7ffff75e0000", 127ffff75e0000)            = 12
write(2, "  ", 2  )                       = 2
write(2, "/usr/lib/x86_64-linux-gnu/libnum"..., 42/usr/lib/x86_64-linux-gnu/libnuma.so.1.0.0) = 42
write(2, "\n", 1
)                       = 1
lseek(4, 277126960, SEEK_SET)           = 277126960
read(4, "0\314\377\377e\2\0\0\0A\16\20\206\2C\r\6H\217\3\216\4\215\5\214\6D\203\7\3\6\1"..., 4096) = 4096
write(2, "[loader]   LOADED 0x", 20[loader]   LOADED 0x)    = 20
write(2, "0x", 20x)                       = 2
write(2, "7ffff77df000", 127ffff77df000)            = 12
write(2, "-0x", 3-0x)                      = 3
write(2, "0x", 20x)                       = 2
write(2, "7ffff77e0000", 127ffff77e0000)            = 12
write(2, "  ", 2  )                       = 2
write(2, "/usr/lib/x86_64-linux-gnu/libnum"..., 42/usr/lib/x86_64-linux-gnu/libnuma.so.1.0.0) = 42
write(2, "\n", 1
)                       = 1
lseek(4, 277131056, SEEK_SET)           = 277131056
read(4, "\220\235 \0\0\0\0\0p*\377\367\377\177\0\0\360\250\336\367\377\177\0\0`\277\31\367\377\177\0\0"..., 4096) = 4096
write(2, "[loader]   LOADED 0x", 20[loader]   LOADED 0x)    = 20
write(2, "0x", 20x)                       = 2
write(2, "7ffff77e0000", 127ffff77e0000)            = 12
write(2, "-0x", 3-0x)                      = 3
write(2, "0x", 20x)                       = 2
write(2, "7ffff77e1000", 127ffff77e1000)            = 12
write(2, "  ", 2  )                       = 2
write(2, "/usr/lib/x86_64-linux-gnu/libnum"..., 42/usr/lib/x86_64-linux-gnu/libnuma.so.1.0.0) = 42
write(2, "\n", 1
)                       = 1
brk(0x20154000)                         = 0x20154000
lseek(4, 277135152, SEEK_SET)           = 277135152
read(4, "\177ELF\2\1\1\0\0\0\0\0\0\0\0\0\3\0>\0\1\0\0\0000b\0\0\0\0\0\0"..., 106496) = 106496
write(2, "[loader]   LOADED 0x", 20[loader]   LOADED 0x)    = 20
write(2, "0x", 20x)                       = 2
write(2, "7ffff77e1000", 127ffff77e1000)            = 12
write(2, "-0x", 3-0x)                      = 3
write(2, "0x", 20x)                       = 2
write(2, "7ffff77fb000", 127ffff77fb000)            = 12
write(2, "  ", 2  )                       = 2
write(2, "/lib/x86_64-linux-gnu/libpthread"..., 40/lib/x86_64-linux-gnu/libpthread-2.27.so) = 40
write(2, "\n", 1
)                       = 1
lseek(4, 277241648, SEEK_SET)           = 277241648
read(4, "\0\0\0\0\0\0\0\0\0\0\0\0\0\0\0\0\0\0\0\0\0\0\0\0\0\0\0\0\0\0\0\0"..., 4096) = 4096
write(2, "[loader]   LOADED 0x", 20[loader]   LOADED 0x)    = 20
write(2, "0x", 20x)                       = 2
write(2, "7ffff79fa000", 127ffff79fa000)            = 12
write(2, "-0x", 3-0x)                      = 3
write(2, "0x", 20x)                       = 2
write(2, "7ffff79fb000", 127ffff79fb000)            = 12
write(2, "  ", 2  )                       = 2
write(2, "/lib/x86_64-linux-gnu/libpthread"..., 40/lib/x86_64-linux-gnu/libpthread-2.27.so) = 40
write(2, "\n", 1
)                       = 1
lseek(4, 277245744, SEEK_SET)           = 277245744
read(4, "h\235!\0\0\0\0\0p%\377\367\377\177\0\0\360\250\336\367\377\177\0\0\246f~\367\377\177\0\0"..., 4096) = 4096
write(2, "[loader]   LOADED 0x", 20[loader]   LOADED 0x)    = 20
write(2, "0x", 20x)                       = 2
write(2, "7ffff79fb000", 127ffff79fb000)            = 12
write(2, "-0x", 3-0x)                      = 3
write(2, "0x", 20x)                       = 2
write(2, "7ffff79fc000", 127ffff79fc000)            = 12
write(2, "  ", 2  )                       = 2
write(2, "/lib/x86_64-linux-gnu/libpthread"..., 40/lib/x86_64-linux-gnu/libpthread-2.27.so) = 40
write(2, "\n", 1
)                       = 1
lseek(4, 277249840, SEEK_SET)           = 277249840
read(4, "\0\0\0\0\0\0\0\0\0\0\0\0\0\0\0\0\0\0\0\0\0\0\0\0\0\0\0\0\0\0\0\0"..., 16384) = 16384
write(2, "[loader]   LOADED 0x", 20[loader]   LOADED 0x)    = 20
write(2, "0x", 20x)                       = 2
write(2, "7ffff79fc000", 127ffff79fc000)            = 12
write(2, "-0x", 3-0x)                      = 3
write(2, "0x", 20x)                       = 2
write(2, "7ffff7a00000", 127ffff7a00000)            = 12
write(2, "  ", 2  )                       = 2
write(2, "", 0)                         = 0
write(2, "\n", 1
)                       = 1
lseek(4, 277266224, SEEK_SET)           = 277266224
read(4, "\177ELF\2\1\1\0\0\0\0\0\0\0\0\0\3\0>\0\1\0\0\0\260\f\0\0\0\0\0\0"..., 36864) = 36864
write(2, "[loader]   LOADED 0x", 20[loader]   LOADED 0x)    = 20
write(2, "0x", 20x)                       = 2
write(2, "7ffff7a00000", 127ffff7a00000)            = 12
write(2, "-0x", 3-0x)                      = 3
write(2, "0x", 20x)                       = 2
write(2, "7ffff7a09000", 127ffff7a09000)            = 12
write(2, "  ", 2  )                       = 2
write(2, "/tailbench/tailbench/silo/third-"..., 51/tailbench/tailbench/silo/third-party/lz4/liblz4.so) = 51
write(2, "\n", 1
)                       = 1
lseek(4, 277303088, SEEK_SET)           = 277303088
read(4, " B\16\30B\16\20B\16\10E\vd\0\0\0(\2\0\0\314\275\377\377\25\n\0\0\0B\16\20"..., 4096) = 4096
write(2, "[loader]   LOADED 0x", 20[loader]   LOADED 0x)    = 20
write(2, "0x", 20x)                       = 2
write(2, "7ffff7c08000", 127ffff7c08000)            = 12
write(2, "-0x", 3-0x)                      = 3
write(2, "0x", 20x)                       = 2
write(2, "7ffff7c09000", 127ffff7c09000)            = 12
write(2, "  ", 2  )                       = 2
write(2, "/tailbench/tailbench/silo/third-"..., 51/tailbench/tailbench/silo/third-party/lz4/liblz4.so) = 51
write(2, "\n", 1
)                       = 1
lseek(4, 277307184, SEEK_SET)           = 277307184
read(4, "\20\216 \0\0\0\0\0\0 \377\367\377\177\0\0\360\250\336\367\377\177\0\0\366\v\240\367\377\177\0\0"..., 4096) = 4096
write(2, "[loader]   LOADED 0x", 20[loader]   LOADED 0x)    = 20
write(2, "0x", 20x)                       = 2
write(2, "7ffff7c09000", 127ffff7c09000)            = 12
write(2, "-0x", 3-0x)                      = 3
write(2, "0x", 20x)                       = 2
write(2, "7ffff7c0a000", 127ffff7c0a000)            = 12
write(2, "  ", 2  )                       = 2
write(2, "/tailbench/tailbench/silo/third-"..., 51/tailbench/tailbench/silo/third-party/lz4/liblz4.so) = 51
write(2, "\n", 1
)                       = 1
mmap(NULL, 172032, PROT_READ|PROT_WRITE, MAP_PRIVATE|MAP_ANONYMOUS, -1, 0) = 0x7fffe77cd000
lseek(4, 277311280, SEEK_SET)           = 277311280
read(4, "\177ELF\2\1\1\0\0\0\0\0\0\0\0\0\3\0>\0\1\0\0\0\220\20\0\0\0\0\0\0"..., 167936) = 167936
write(2, "[loader]   LOADED 0x", 20[loader]   LOADED 0x)    = 20
write(2, "0x", 20x)                       = 2
write(2, "7ffff7dd3000", 127ffff7dd3000)            = 12
write(2, "-0x", 3-0x)                      = 3
write(2, "0x", 20x)                       = 2
write(2, "7ffff7dfc000", 127ffff7dfc000)            = 12
write(2, "  ", 2  )                       = 2
write(2, "/lib/x86_64-linux-gnu/ld-2.27.so", 32/lib/x86_64-linux-gnu/ld-2.27.so) = 32
write(2, "\n", 1
)                       = 1
lseek(4, 277479216, SEEK_SET)           = 277479216
read(4, "\0\0\0\0\0\0\0\0\0\0\0\0\0\0\0\0\0\0\0\0\0\0\0\0\0\0\0\0\0\0\0\0"..., 28672) = 28672
write(2, "[loader]   LOADED 0x", 20[loader]   LOADED 0x)    = 20
write(2, "0x", 20x)                       = 2
write(2, "7ffff7fdd000", 127ffff7fdd000)            = 12
write(2, "-0x", 3-0x)                      = 3
write(2, "0x", 20x)                       = 2
write(2, "7ffff7fe4000", 127ffff7fe4000)            = 12
write(2, "  ", 2  )                       = 2
write(2, "", 0)                         = 0
write(2, "\n", 1
)                       = 1
lseek(4, 277507888, SEEK_SET)           = 277507888
read(4, "\0\0\240\367\377\177\0\0P\357\377\367\377\177\0\0\20\216\300\367\377\177\0\0p%\377\367\377\177\0\0"..., 8192) = 8192
write(2, "[loader]   LOADED 0x", 20[loader]   LOADED 0x)    = 20
write(2, "0x", 20x)                       = 2
write(2, "7ffff7ff2000", 127ffff7ff2000)            = 12
write(2, "-0x", 3-0x)                      = 3
write(2, "0x", 20x)                       = 2
write(2, "7ffff7ff4000", 127ffff7ff4000)            = 12
write(2, "  ", 2  )                       = 2
write(2, "", 0)                         = 0
write(2, "\n", 1
)                       = 1
lseek(4, 277516080, SEEK_SET)           = 277516080
read(4, "\324B[\1\1\0\0\0TCe\24\273#\0\0\213\207g\357k\2\0\0\377\377\377\377\377\377\377\377"..., 16384) = 16384
write(2, "[loader]   LOADED 0x", 20[loader]   LOADED 0x)    = 20
write(2, "0x", 20x)                       = 2
write(2, "7ffff7ff4000", 127ffff7ff4000)            = 12
write(2, "-0x", 3-0x)                      = 3
write(2, "0x", 20x)                       = 2
write(2, "7ffff7ff8000", 127ffff7ff8000)            = 12
write(2, "  ", 2  )                       = 2
write(2, "[vvar]", 6[vvar])                   = 6
write(2, "\n", 1
)                       = 1
lseek(4, 277532464, SEEK_SET)           = 277532464
read(4, "\0\0\0\0\0\0\0\0\0\0\0\0\0\0\0\0\0\0\0\0\0\0\0\0\0\0\0\0\0\0\0\0"..., 8192) = 8192
write(2, "[loader]   LOADED 0x", 20[loader]   LOADED 0x)    = 20
write(2, "0x", 20x)                       = 2
write(2, "7ffff7ff8000", 127ffff7ff8000)            = 12
write(2, "-0x", 3-0x)                      = 3
write(2, "0x", 20x)                       = 2
write(2, "7ffff7ffa000", 127ffff7ffa000)            = 12
write(2, "  ", 2  )                       = 2
write(2, "[vvar_vclock]", 13[vvar_vclock])           = 13
write(2, "\n", 1
)                       = 1
brk(0x20175000)                         = 0x20175000
lseek(4, 277540656, SEEK_SET)           = 277540656
read(4, "\0\0\0\0\0\0\0\0\0\0\0\0\0\0\0\0\0\0\0\0\0\0\0\0\0\0\0\0\0\0\0\0"..., 4096) = 4096
write(2, "[loader]   LOADED 0x", 20[loader]   LOADED 0x)    = 20
write(2, "0x", 20x)                       = 2
write(2, "7ffff7ffc000", 127ffff7ffc000)            = 12
write(2, "-0x", 3-0x)                      = 3
write(2, "0x", 20x)                       = 2
write(2, "7ffff7ffd000", 127ffff7ffd000)            = 12
write(2, "  ", 2  )                       = 2
write(2, "/lib/x86_64-linux-gnu/ld-2.27.so", 32/lib/x86_64-linux-gnu/ld-2.27.so) = 32
write(2, "\n", 1
)                       = 1
lseek(4, 277544752, SEEK_SET)           = 277544752
read(4, "h\236\"\0\0\0\0\0\0\0\0\0\0\0\0\0\0\0\0\0\0\0\0\0\0\21 \366\377\177\0\0"..., 4096) = 4096
write(2, "[loader]   LOADED 0x", 20[loader]   LOADED 0x)    = 20
write(2, "0x", 20x)                       = 2
write(2, "7ffff7ffd000", 127ffff7ffd000)            = 12
write(2, "-0x", 3-0x)                      = 3
write(2, "0x", 20x)                       = 2
write(2, "7ffff7ffe000", 127ffff7ffe000)            = 12
write(2, "  ", 2  )                       = 2
write(2, "/lib/x86_64-linux-gnu/ld-2.27.so", 32/lib/x86_64-linux-gnu/ld-2.27.so) = 32
write(2, "\n", 1
)                       = 1
lseek(4, 277548848, SEEK_SET)           = 277548848
read(4, "\302\202>\0\0\0\0\0\0\0\0\0\0\0\0\0\0\0\0\0\0\0\0\0\0\0\0\0\0\0\0\0"..., 4096) = 4096
write(2, "[loader]   LOADED 0x", 20[loader]   LOADED 0x)    = 20
write(2, "0x", 20x)                       = 2
write(2, "7ffff7ffe000", 127ffff7ffe000)            = 12
write(2, "-0x", 3-0x)                      = 3
write(2, "0x", 20x)                       = 2
write(2, "7ffff7fff000", 127ffff7fff000)            = 12
write(2, "  ", 2  )                       = 2
write(2, "", 0)                         = 0
write(2, "\n", 1
)                       = 1
mmap(NULL, 139264, PROT_READ|PROT_WRITE, MAP_PRIVATE|MAP_ANONYMOUS, -1, 0) = 0x7fffe77ab000
lseek(4, 277552944, SEEK_SET)           = 277552944
read(4, "\0\0\0\0\0\0\0\0\0\0\0\0\0\0\0\0\0\0\0\0\0\0\0\0\0\0\0\0\0\0\0\0"..., 135168) = 135168
write(2, "[loader]   LOADED 0x", 20[loader]   LOADED 0x)    = 20
write(2, "0x", 20x)                       = 2
write(2, "7ffffffde000", 127ffffffde000)            = 12
write(2, "-0x", 3-0x)                      = 3
write(2, "0x", 20x)                       = 2
write(2, "7ffffffff000", 127ffffffff000)            = 12
write(2, "  ", 2  )                       = 2
write(2, "[stack]", 7[stack])                  = 7
write(2, "\n", 1
)                       = 1
close(4)                                = 0
mmap(0x7f0000000000, 131072, PROT_READ|PROT_WRITE, MAP_PRIVATE|MAP_FIXED|MAP_ANONYMOUS, -1, 0) = 0x7f0000000000
rt_sigprocmask(SIG_BLOCK, NULL, [], 8)  = 0
write(2, "[loader] Switching to scratch st"..., 63[loader] Switching to scratch stack -> restoring -> setcontext
) = 63
write(2, "[loader] restore_and_jump: resto"..., 45[loader] restore_and_jump: restoring regions
) = 45
write(2, "[loader]   -> 0x", 16[loader]   -> 0x)        = 16
write(2, "0x", 20x)                       = 2
write(2, "555555400000", 12555555400000)            = 12
write(2, "\n", 1
)                       = 1
munmap(0x555555400000, 1282048)         = 0
mmap(0x555555400000, 1282048, PROT_READ|PROT_WRITE, MAP_PRIVATE|MAP_FIXED|MAP_ANONYMOUS, -1, 0) = 0x555555400000
mprotect(0x555555400000, 1282048, PROT_READ|PROT_EXEC) = 0
write(2, "[loader]   -> 0x", 16[loader]   -> 0x)        = 16
write(2, "0x", 20x)                       = 2
write(2, "555555739000", 12555555739000)            = 12
write(2, "\n", 1
)                       = 1
munmap(0x555555739000, 16384)           = 0
mmap(0x555555739000, 16384, PROT_READ|PROT_WRITE, MAP_PRIVATE|MAP_FIXED|MAP_ANONYMOUS, -1, 0) = 0x555555739000
mprotect(0x555555739000, 16384, PROT_READ) = 0
write(2, "[loader]   -> 0x", 16[loader]   -> 0x)        = 16
write(2, "0x", 20x)                       = 2
write(2, "55555573d000", 1255555573d000)            = 12
write(2, "\n", 1
)                       = 1
munmap(0x55555573d000, 4096)            = 0
mmap(0x55555573d000, 4096, PROT_READ|PROT_WRITE, MAP_PRIVATE|MAP_FIXED|MAP_ANONYMOUS, -1, 0) = 0x55555573d000
mprotect(0x55555573d000, 4096, PROT_READ|PROT_WRITE) = 0
write(2, "[loader]   -> 0x", 16[loader]   -> 0x)        = 16
write(2, "0x", 20x)                       = 2
write(2, "55555573e000", 1255555573e000)            = 12
write(2, "\n", 1
)                       = 1
munmap(0x55555573e000, 3932160)         = 0
mmap(0x55555573e000, 3932160, PROT_READ|PROT_WRITE, MAP_PRIVATE|MAP_FIXED|MAP_ANONYMOUS, -1, 0) = 0x55555573e000
mprotect(0x55555573e000, 3932160, PROT_READ|PROT_WRITE) = 0
write(2, "[loader]   -> 0x", 16[loader]   -> 0x)        = 16
write(2, "0x", 20x)                       = 2
write(2, "7fffe4c00000", 127fffe4c00000)            = 12
write(2, "\n", 1
)                       = 1
munmap(0x7fffe4c00000, 184549376)       = 0
mmap(0x7fffe4c00000, 184549376, PROT_READ|PROT_WRITE, MAP_PRIVATE|MAP_FIXED|MAP_ANONYMOUS, -1, 0) = 0x7fffe4c00000
mprotect(0x7fffe4c00000, 184549376, PROT_READ|PROT_WRITE) = 0
write(2, "[loader]   -> 0x", 16[loader]   -> 0x)        = 16
write(2, "0x", 20x)                       = 2
write(2, "7fffeffff000", 127fffeffff000)            = 12
write(2, "\n", 1
)                       = 1
munmap(0x7fffeffff000, 8388608)         = 0
mmap(0x7fffeffff000, 8388608, PROT_READ|PROT_WRITE, MAP_PRIVATE|MAP_FIXED|MAP_ANONYMOUS, -1, 0) = 0x7fffeffff000
mprotect(0x7fffeffff000, 8388608, PROT_READ|PROT_WRITE|PROT_EXEC) = 0
write(2, "[loader]   -> 0x", 16[loader]   -> 0x)        = 16
write(2, "0x", 20x)                       = 2
write(2, "7ffff0800000", 127ffff0800000)            = 12
write(2, "\n", 1
)                       = 1
munmap(0x7ffff0800000, 4194304)         = 0
mmap(0x7ffff0800000, 4194304, PROT_READ|PROT_WRITE, MAP_PRIVATE|MAP_FIXED|MAP_ANONYMOUS, -1, 0) = 0x7ffff0800000
mprotect(0x7ffff0800000, 4194304, PROT_READ|PROT_WRITE) = 0
write(2, "[loader]   -> 0x", 16[loader]   -> 0x)        = 16
write(2, "0x", 20x)                       = 2
write(2, "7ffff0fff000", 127ffff0fff000)            = 12
write(2, "\n", 1
)                       = 1
munmap(0x7ffff0fff000, 8388608)         = 0
mmap(0x7ffff0fff000, 8388608, PROT_READ|PROT_WRITE, MAP_PRIVATE|MAP_FIXED|MAP_ANONYMOUS, -1, 0) = 0x7ffff0fff000
mprotect(0x7ffff0fff000, 8388608, PROT_READ|PROT_WRITE|PROT_EXEC) = 0
write(2, "[loader]   -> 0x", 16[loader]   -> 0x)        = 16
write(2, "0x", 20x)                       = 2
write(2, "7ffff1800000", 127ffff1800000)            = 12
write(2, "\n", 1
)                       = 1
munmap(0x7ffff1800000, 8388608)         = 0
mmap(0x7ffff1800000, 8388608, PROT_READ|PROT_WRITE, MAP_PRIVATE|MAP_FIXED|MAP_ANONYMOUS, -1, 0) = 0x7ffff1800000
mprotect(0x7ffff1800000, 8388608, PROT_READ|PROT_WRITE|PROT_EXEC) = 0
write(2, "[loader]   -> 0x", 16[loader]   -> 0x)        = 16
write(2, "0x", 20x)                       = 2
write(2, "7ffff2000000", 127ffff2000000)            = 12
write(2, "\n", 1
)                       = 1
munmap(0x7ffff2000000, 8388608)         = 0
mmap(0x7ffff2000000, 8388608, PROT_READ|PROT_WRITE, MAP_PRIVATE|MAP_FIXED|MAP_ANONYMOUS, -1, 0) = 0x7ffff2000000
mprotect(0x7ffff2000000, 8388608, PROT_READ|PROT_WRITE) = 0
write(2, "[loader]   -> 0x", 16[loader]   -> 0x)        = 16
write(2, "0x", 20x)                       = 2
write(2, "7ffff2a00000", 127ffff2a00000)            = 12
write(2, "\n", 1
)                       = 1
munmap(0x7ffff2a00000, 8388608)         = 0
mmap(0x7ffff2a00000, 8388608, PROT_READ|PROT_WRITE, MAP_PRIVATE|MAP_FIXED|MAP_ANONYMOUS, -1, 0) = 0x7ffff2a00000
mprotect(0x7ffff2a00000, 8388608, PROT_READ|PROT_WRITE|PROT_EXEC) = 0
write(2, "[loader]   -> 0x", 16[loader]   -> 0x)        = 16
write(2, "0x", 20x)                       = 2
write(2, "7ffff3c00000", 127ffff3c00000)            = 12
write(2, "\n", 1
)                       = 1
munmap(0x7ffff3c00000, 16777216)        = 0
mmap(0x7ffff3c00000, 16777216, PROT_READ|PROT_WRITE, MAP_PRIVATE|MAP_FIXED|MAP_ANONYMOUS, -1, 0) = 0x7ffff3c00000
mprotect(0x7ffff3c00000, 16777216, PROT_READ|PROT_WRITE) = 0
write(2, "[loader]   -> 0x", 16[loader]   -> 0x)        = 16
write(2, "0x", 20x)                       = 2
write(2, "7ffff5000000", 127ffff5000000)            = 12
write(2, "\n", 1
)                       = 1
munmap(0x7ffff5000000, 8388608)         = 0
mmap(0x7ffff5000000, 8388608, PROT_READ|PROT_WRITE, MAP_PRIVATE|MAP_FIXED|MAP_ANONYMOUS, -1, 0) = 0x7ffff5000000
mprotect(0x7ffff5000000, 8388608, PROT_READ|PROT_WRITE|PROT_EXEC) = 0
write(2, "[loader]   -> 0x", 16[loader]   -> 0x)        = 16
write(2, "0x", 20x)                       = 2
write(2, "7ffff5800000", 127ffff5800000)            = 12
write(2, "\n", 1
)                       = 1
munmap(0x7ffff5800000, 8388608)         = 0
mmap(0x7ffff5800000, 8388608, PROT_READ|PROT_WRITE, MAP_PRIVATE|MAP_FIXED|MAP_ANONYMOUS, -1, 0) = 0x7ffff5800000
mprotect(0x7ffff5800000, 8388608, PROT_READ|PROT_WRITE) = 0
write(2, "[loader]   -> 0x", 16[loader]   -> 0x)        = 16
write(2, "0x", 20x)                       = 2
write(2, "7ffff609a000", 127ffff609a000)            = 12
write(2, "\n", 1
)                       = 1
munmap(0x7ffff609a000, 1994752)         = 0
mmap(0x7ffff609a000, 1994752, PROT_READ|PROT_WRITE, MAP_PRIVATE|MAP_FIXED|MAP_ANONYMOUS, -1, 0) = 0x7ffff609a000
mprotect(0x7ffff609a000, 1994752, PROT_READ|PROT_EXEC) = 0
write(2, "[loader]   -> 0x", 16[loader]   -> 0x)        = 16
write(2, "0x", 20x)                       = 2
write(2, "7ffff6481000", 127ffff6481000)            = 12
write(2, "\n", 1
)                       = 1
munmap(0x7ffff6481000, 16384)           = 0
mmap(0x7ffff6481000, 16384, PROT_READ|PROT_WRITE, MAP_PRIVATE|MAP_FIXED|MAP_ANONYMOUS, -1, 0) = 0x7ffff6481000
mprotect(0x7ffff6481000, 16384, PROT_READ) = 0
write(2, "[loader]   -> 0x", 16[loader]   -> 0x)        = 16
write(2, "0x", 20x)                       = 2
write(2, "7ffff6485000", 127ffff6485000)            = 12
write(2, "\n", 1
)                       = 1
munmap(0x7ffff6485000, 8192)            = 0
mmap(0x7ffff6485000, 8192, PROT_READ|PROT_WRITE, MAP_PRIVATE|MAP_FIXED|MAP_ANONYMOUS, -1, 0) = 0x7ffff6485000
mprotect(0x7ffff6485000, 8192, PROT_READ|PROT_WRITE) = 0
write(2, "[loader]   -> 0x", 16[loader]   -> 0x)        = 16
write(2, "0x", 20x)                       = 2
write(2, "7ffff6487000", 127ffff6487000)            = 12
write(2, "\n", 1
)                       = 1
munmap(0x7ffff6487000, 16384)           = 0
mmap(0x7ffff6487000, 16384, PROT_READ|PROT_WRITE, MAP_PRIVATE|MAP_FIXED|MAP_ANONYMOUS, -1, 0) = 0x7ffff6487000
mprotect(0x7ffff6487000, 16384, PROT_READ|PROT_WRITE) = 0
write(2, "[loader]   -> 0x", 16[loader]   -> 0x)        = 16
write(2, "0x", 20x)                       = 2
write(2, "7ffff648b000", 127ffff648b000)            = 12
write(2, "\n", 1
)                       = 1
munmap(0x7ffff648b000, 94208)           = 0
mmap(0x7ffff648b000, 94208, PROT_READ|PROT_WRITE, MAP_PRIVATE|MAP_FIXED|MAP_ANONYMOUS, -1, 0) = 0x7ffff648b000
mprotect(0x7ffff648b000, 94208, PROT_READ|PROT_EXEC) = 0
write(2, "[loader]   -> 0x", 16[loader]   -> 0x)        = 16
write(2, "0x", 20x)                       = 2
write(2, "7ffff66a1000", 127ffff66a1000)            = 12
write(2, "\n", 1
)                       = 1
munmap(0x7ffff66a1000, 4096)            = 0
mmap(0x7ffff66a1000, 4096, PROT_READ|PROT_WRITE, MAP_PRIVATE|MAP_FIXED|MAP_ANONYMOUS, -1, 0) = 0x7ffff66a1000
mprotect(0x7ffff66a1000, 4096, PROT_READ) = 0
write(2, "[loader]   -> 0x", 16[loader]   -> 0x)        = 16
write(2, "0x", 20x)                       = 2
write(2, "7ffff66a2000", 127ffff66a2000)            = 12
write(2, "\n", 1
)                       = 1
munmap(0x7ffff66a2000, 4096)            = 0
mmap(0x7ffff66a2000, 4096, PROT_READ|PROT_WRITE, MAP_PRIVATE|MAP_FIXED|MAP_ANONYMOUS, -1, 0) = 0x7ffff66a2000
mprotect(0x7ffff66a2000, 4096, PROT_READ|PROT_WRITE) = 0
write(2, "[loader]   -> 0x", 16[loader]   -> 0x)        = 16
write(2, "0x", 20x)                       = 2
write(2, "7ffff66a3000", 127ffff66a3000)            = 12
write(2, "\n", 1
)                       = 1
munmap(0x7ffff66a3000, 1691648)         = 0
mmap(0x7ffff66a3000, 1691648, PROT_READ|PROT_WRITE, MAP_PRIVATE|MAP_FIXED|MAP_ANONYMOUS, -1, 0) = 0x7ffff66a3000
mprotect(0x7ffff66a3000, 1691648, PROT_READ|PROT_EXEC) = 0
write(2, "[loader]   -> 0x", 16[loader]   -> 0x)        = 16
write(2, "0x", 20x)                       = 2
write(2, "7ffff6a3f000", 127ffff6a3f000)            = 12
write(2, "\n", 1
)                       = 1
munmap(0x7ffff6a3f000, 4096)            = 0
mmap(0x7ffff6a3f000, 4096, PROT_READ|PROT_WRITE, MAP_PRIVATE|MAP_FIXED|MAP_ANONYMOUS, -1, 0) = 0x7ffff6a3f000
mprotect(0x7ffff6a3f000, 4096, PROT_READ) = 0
write(2, "[loader]   -> 0x", 16[loader]   -> 0x)        = 16
write(2, "0x", 20x)                       = 2
write(2, "7ffff6a40000", 127ffff6a40000)            = 12
write(2, "\n", 1
)                       = 1
munmap(0x7ffff6a40000, 4096)            = 0
mmap(0x7ffff6a40000, 4096, PROT_READ|PROT_WRITE, MAP_PRIVATE|MAP_FIXED|MAP_ANONYMOUS, -1, 0) = 0x7ffff6a40000
mprotect(0x7ffff6a40000, 4096, PROT_READ|PROT_WRITE) = 0
write(2, "[loader]   -> 0x", 16[loader]   -> 0x)        = 16
write(2, "0x", 20x)                       = 2
write(2, "7ffff6a41000", 127ffff6a41000)            = 12
write(2, "\n", 1
)                       = 1
munmap(0x7ffff6a41000, 1544192)         = 0
mmap(0x7ffff6a41000, 1544192, PROT_READ|PROT_WRITE, MAP_PRIVATE|MAP_FIXED|MAP_ANONYMOUS, -1, 0) = 0x7ffff6a41000
mprotect(0x7ffff6a41000, 1544192, PROT_READ|PROT_EXEC) = 0
write(2, "[loader]   -> 0x", 16[loader]   -> 0x)        = 16
write(2, "0x", 20x)                       = 2
write(2, "7ffff6dba000", 127ffff6dba000)            = 12
write(2, "\n", 1
)                       = 1
munmap(0x7ffff6dba000, 40960)           = 0
mmap(0x7ffff6dba000, 40960, PROT_READ|PROT_WRITE, MAP_PRIVATE|MAP_FIXED|MAP_ANONYMOUS, -1, 0) = 0x7ffff6dba000
mprotect(0x7ffff6dba000, 40960, PROT_READ) = 0
write(2, "[loader]   -> 0x", 16[loader]   -> 0x)        = 16
write(2, "0x", 20x)                       = 2
write(2, "7ffff6dc4000", 127ffff6dc4000)            = 12
write(2, "\n", 1
)                       = 1
munmap(0x7ffff6dc4000, 8192)            = 0
mmap(0x7ffff6dc4000, 8192, PROT_READ|PROT_WRITE, MAP_PRIVATE|MAP_FIXED|MAP_ANONYMOUS, -1, 0) = 0x7ffff6dc4000
mprotect(0x7ffff6dc4000, 8192, PROT_READ|PROT_WRITE) = 0
write(2, "[loader]   -> 0x", 16[loader]   -> 0x)        = 16
write(2, "0x", 20x)                       = 2
write(2, "7ffff6dc6000", 127ffff6dc6000)            = 12
write(2, "\n", 1
)                       = 1
munmap(0x7ffff6dc6000, 16384)           = 0
mmap(0x7ffff6dc6000, 16384, PROT_READ|PROT_WRITE, MAP_PRIVATE|MAP_FIXED|MAP_ANONYMOUS, -1, 0) = 0x7ffff6dc6000
mprotect(0x7ffff6dc6000, 16384, PROT_READ|PROT_WRITE) = 0
write(2, "[loader]   -> 0x", 16[loader]   -> 0x)        = 16
write(2, "0x", 20x)                       = 2
write(2, "7ffff6dca000", 127ffff6dca000)            = 12
write(2, "\n", 1
)                       = 1
munmap(0x7ffff6dca000, 1859584)         = 0
mmap(0x7ffff6dca000, 1859584, PROT_READ|PROT_WRITE, MAP_PRIVATE|MAP_FIXED|MAP_ANONYMOUS, -1, 0) = 0x7ffff6dca000
mprotect(0x7ffff6dca000, 1859584, PROT_READ|PROT_EXEC) = 0
write(2, "[loader]   -> 0x", 16[loader]   -> 0x)        = 16
write(2, "0x", 20x)                       = 2
write(2, "7ffff7190000", 127ffff7190000)            = 12
write(2, "\n", 1
)                       = 1
munmap(0x7ffff7190000, 28672)           = 0
mmap(0x7ffff7190000, 28672, PROT_READ|PROT_WRITE, MAP_PRIVATE|MAP_FIXED|MAP_ANONYMOUS, -1, 0) = 0x7ffff7190000
mprotect(0x7ffff7190000, 28672, PROT_READ) = 0
write(2, "[loader]   -> 0x", 16[loader]   -> 0x)        = 16
write(2, "0x", 20x)                       = 2
write(2, "7ffff7197000", 127ffff7197000)            = 12
write(2, "\n", 1
)                       = 1
munmap(0x7ffff7197000, 4096)            = 0
mmap(0x7ffff7197000, 4096, PROT_READ|PROT_WRITE, MAP_PRIVATE|MAP_FIXED|MAP_ANONYMOUS, -1, 0) = 0x7ffff7197000
mprotect(0x7ffff7197000, 4096, PROT_READ|PROT_WRITE) = 0
write(2, "[loader]   -> 0x", 16[loader]   -> 0x)        = 16
write(2, "0x", 20x)                       = 2
write(2, "7ffff7198000", 127ffff7198000)            = 12
write(2, "\n", 1
)                       = 1
munmap(0x7ffff7198000, 208896)          = 0
mmap(0x7ffff7198000, 208896, PROT_READ|PROT_WRITE, MAP_PRIVATE|MAP_FIXED|MAP_ANONYMOUS, -1, 0) = 0x7ffff7198000
mprotect(0x7ffff7198000, 208896, PROT_READ|PROT_EXEC) = 0
write(2, "[loader]   -> 0x", 16[loader]   -> 0x)        = 16
write(2, "0x", 20x)                       = 2
write(2, "7ffff73ca000", 127ffff73ca000)            = 12
write(2, "\n", 1
)                       = 1
munmap(0x7ffff73ca000, 8192)            = 0
mmap(0x7ffff73ca000, 8192, PROT_READ|PROT_WRITE, MAP_PRIVATE|MAP_FIXED|MAP_ANONYMOUS, -1, 0) = 0x7ffff73ca000
mprotect(0x7ffff73ca000, 8192, PROT_READ) = 0
write(2, "[loader]   -> 0x", 16[loader]   -> 0x)        = 16
write(2, "0x", 20x)                       = 2
write(2, "7ffff73cc000", 127ffff73cc000)            = 12
write(2, "\n", 1
)                       = 1
munmap(0x7ffff73cc000, 4096)            = 0
mmap(0x7ffff73cc000, 4096, PROT_READ|PROT_WRITE, MAP_PRIVATE|MAP_FIXED|MAP_ANONYMOUS, -1, 0) = 0x7ffff73cc000
mprotect(0x7ffff73cc000, 4096, PROT_READ|PROT_WRITE) = 0
write(2, "[loader]   -> 0x", 16[loader]   -> 0x)        = 16
write(2, "0x", 20x)                       = 2
write(2, "7ffff73cd000", 127ffff73cd000)            = 12
write(2, "\n", 1
)                       = 1
munmap(0x7ffff73cd000, 4096)            = 0
mmap(0x7ffff73cd000, 4096, PROT_READ|PROT_WRITE, MAP_PRIVATE|MAP_FIXED|MAP_ANONYMOUS, -1, 0) = 0x7ffff73cd000
mprotect(0x7ffff73cd000, 4096, PROT_READ|PROT_WRITE) = 0
write(2, "[loader]   -> 0x", 16[loader]   -> 0x)        = 16
write(2, "0x", 20x)                       = 2
write(2, "7ffff73ce000", 127ffff73ce000)            = 12
write(2, "\n", 1
)                       = 1
munmap(0x7ffff73ce000, 28672)           = 0
mmap(0x7ffff73ce000, 28672, PROT_READ|PROT_WRITE, MAP_PRIVATE|MAP_FIXED|MAP_ANONYMOUS, -1, 0) = 0x7ffff73ce000
mprotect(0x7ffff73ce000, 28672, PROT_READ|PROT_EXEC) = 0
write(2, "[loader]   -> 0x", 16[loader]   -> 0x)        = 16
write(2, "0x", 20x)                       = 2
write(2, "7ffff75d4000", 127ffff75d4000)            = 12
write(2, "\n", 1
)                       = 1
munmap(0x7ffff75d4000, 4096)            = 0
mmap(0x7ffff75d4000, 4096, PROT_READ|PROT_WRITE, MAP_PRIVATE|MAP_FIXED|MAP_ANONYMOUS, -1, 0) = 0x7ffff75d4000
mprotect(0x7ffff75d4000, 4096, PROT_READ) = 0
write(2, "[loader]   -> 0x", 16[loader]   -> 0x)        = 16
write(2, "0x", 20x)                       = 2
write(2, "7ffff75d5000", 127ffff75d5000)            = 12
write(2, "\n", 1
)                       = 1
munmap(0x7ffff75d5000, 4096)            = 0
mmap(0x7ffff75d5000, 4096, PROT_READ|PROT_WRITE, MAP_PRIVATE|MAP_FIXED|MAP_ANONYMOUS, -1, 0) = 0x7ffff75d5000
mprotect(0x7ffff75d5000, 4096, PROT_READ|PROT_WRITE) = 0
write(2, "[loader]   -> 0x", 16[loader]   -> 0x)        = 16
write(2, "0x", 20x)                       = 2
write(2, "7ffff75d6000", 127ffff75d6000)            = 12
write(2, "\n", 1
)                       = 1
munmap(0x7ffff75d6000, 40960)           = 0
mmap(0x7ffff75d6000, 40960, PROT_READ|PROT_WRITE, MAP_PRIVATE|MAP_FIXED|MAP_ANONYMOUS, -1, 0) = 0x7ffff75d6000
mprotect(0x7ffff75d6000, 40960, PROT_READ|PROT_EXEC) = 0
write(2, "[loader]   -> 0x", 16[loader]   -> 0x)        = 16
write(2, "0x", 20x)                       = 2
write(2, "7ffff77df000", 127ffff77df000)            = 12
write(2, "\n", 1
)                       = 1
munmap(0x7ffff77df000, 4096)            = 0
mmap(0x7ffff77df000, 4096, PROT_READ|PROT_WRITE, MAP_PRIVATE|MAP_FIXED|MAP_ANONYMOUS, -1, 0) = 0x7ffff77df000
mprotect(0x7ffff77df000, 4096, PROT_READ) = 0
write(2, "[loader]   -> 0x", 16[loader]   -> 0x)        = 16
write(2, "0x", 20x)                       = 2
write(2, "7ffff77e0000", 127ffff77e0000)            = 12
write(2, "\n", 1
)                       = 1
munmap(0x7ffff77e0000, 4096)            = 0
mmap(0x7ffff77e0000, 4096, PROT_READ|PROT_WRITE, MAP_PRIVATE|MAP_FIXED|MAP_ANONYMOUS, -1, 0) = 0x7ffff77e0000
mprotect(0x7ffff77e0000, 4096, PROT_READ|PROT_WRITE) = 0
write(2, "[loader]   -> 0x", 16[loader]   -> 0x)        = 16
write(2, "0x", 20x)                       = 2
write(2, "7ffff77e1000", 127ffff77e1000)            = 12
write(2, "\n", 1
)                       = 1
munmap(0x7ffff77e1000, 106496)          = 0
mmap(0x7ffff77e1000, 106496, PROT_READ|PROT_WRITE, MAP_PRIVATE|MAP_FIXED|MAP_ANONYMOUS, -1, 0) = 0x7ffff77e1000
mprotect(0x7ffff77e1000, 106496, PROT_READ|PROT_EXEC) = 0
write(2, "[loader]   -> 0x", 16[loader]   -> 0x)        = 16
write(2, "0x", 20x)                       = 2
write(2, "7ffff79fa000", 127ffff79fa000)            = 12
write(2, "\n", 1
)                       = 1
munmap(0x7ffff79fa000, 4096)            = 0
mmap(0x7ffff79fa000, 4096, PROT_READ|PROT_WRITE, MAP_PRIVATE|MAP_FIXED|MAP_ANONYMOUS, -1, 0) = 0x7ffff79fa000
mprotect(0x7ffff79fa000, 4096, PROT_READ) = 0
write(2, "[loader]   -> 0x", 16[loader]   -> 0x)        = 16
write(2, "0x", 20x)                       = 2
write(2, "7ffff79fb000", 127ffff79fb000)            = 12
write(2, "\n", 1
)                       = 1
munmap(0x7ffff79fb000, 4096)            = 0
mmap(0x7ffff79fb000, 4096, PROT_READ|PROT_WRITE, MAP_PRIVATE|MAP_FIXED|MAP_ANONYMOUS, -1, 0) = 0x7ffff79fb000
mprotect(0x7ffff79fb000, 4096, PROT_READ|PROT_WRITE) = 0
write(2, "[loader]   -> 0x", 16[loader]   -> 0x)        = 16
write(2, "0x", 20x)                       = 2
write(2, "7ffff79fc000", 127ffff79fc000)            = 12
write(2, "\n", 1
)                       = 1
munmap(0x7ffff79fc000, 16384)           = 0
mmap(0x7ffff79fc000, 16384, PROT_READ|PROT_WRITE, MAP_PRIVATE|MAP_FIXED|MAP_ANONYMOUS, -1, 0) = 0x7ffff79fc000
mprotect(0x7ffff79fc000, 16384, PROT_READ|PROT_WRITE) = 0
write(2, "[loader]   -> 0x", 16[loader]   -> 0x)        = 16
write(2, "0x", 20x)                       = 2
write(2, "7ffff7a00000", 127ffff7a00000)            = 12
write(2, "\n", 1
)                       = 1
munmap(0x7ffff7a00000, 36864)           = 0
mmap(0x7ffff7a00000, 36864, PROT_READ|PROT_WRITE, MAP_PRIVATE|MAP_FIXED|MAP_ANONYMOUS, -1, 0) = 0x7ffff7a00000
mprotect(0x7ffff7a00000, 36864, PROT_READ|PROT_EXEC) = 0
write(2, "[loader]   -> 0x", 16[loader]   -> 0x)        = 16
write(2, "0x", 20x)                       = 2
write(2, "7ffff7c08000", 127ffff7c08000)            = 12
write(2, "\n", 1
)                       = 1
munmap(0x7ffff7c08000, 4096)            = 0
mmap(0x7ffff7c08000, 4096, PROT_READ|PROT_WRITE, MAP_PRIVATE|MAP_FIXED|MAP_ANONYMOUS, -1, 0) = 0x7ffff7c08000
mprotect(0x7ffff7c08000, 4096, PROT_READ) = 0
write(2, "[loader]   -> 0x", 16[loader]   -> 0x)        = 16
write(2, "0x", 20x)                       = 2
write(2, "7ffff7c09000", 127ffff7c09000)            = 12
write(2, "\n", 1
)                       = 1
munmap(0x7ffff7c09000, 4096)            = 0
mmap(0x7ffff7c09000, 4096, PROT_READ|PROT_WRITE, MAP_PRIVATE|MAP_FIXED|MAP_ANONYMOUS, -1, 0) = 0x7ffff7c09000
mprotect(0x7ffff7c09000, 4096, PROT_READ|PROT_WRITE) = 0
write(2, "[loader]   -> 0x", 16[loader]   -> 0x)        = 16
write(2, "0x", 20x)                       = 2
write(2, "7ffff7dd3000", 127ffff7dd3000)            = 12
write(2, "\n", 1
)                       = 1
munmap(0x7ffff7dd3000, 167936)          = 0
mmap(0x7ffff7dd3000, 167936, PROT_READ|PROT_WRITE, MAP_PRIVATE|MAP_FIXED|MAP_ANONYMOUS, -1, 0) = 0x7ffff7dd3000
mprotect(0x7ffff7dd3000, 167936, PROT_READ|PROT_EXEC) = 0
write(2, "[loader]   -> 0x", 16[loader]   -> 0x)        = 16
write(2, "0x", 20x)                       = 2
write(2, "7ffff7fdd000", 127ffff7fdd000)            = 12
write(2, "\n", 1
)                       = 1
munmap(0x7ffff7fdd000, 28672)           = 0
mmap(0x7ffff7fdd000, 28672, PROT_READ|PROT_WRITE, MAP_PRIVATE|MAP_FIXED|MAP_ANONYMOUS, -1, 0) = 0x7ffff7fdd000
mprotect(0x7ffff7fdd000, 28672, PROT_READ|PROT_WRITE) = 0
write(2, "[loader]   -> 0x", 16[loader]   -> 0x)        = 16
write(2, "0x", 20x)                       = 2
write(2, "7ffff7ff2000", 127ffff7ff2000)            = 12
write(2, "\n", 1
)                       = 1
munmap(0x7ffff7ff2000, 8192)            = 0
mmap(0x7ffff7ff2000, 8192, PROT_READ|PROT_WRITE, MAP_PRIVATE|MAP_FIXED|MAP_ANONYMOUS, -1, 0) = 0x7ffff7ff2000
mprotect(0x7ffff7ff2000, 8192, PROT_READ|PROT_WRITE) = 0
write(2, "[loader]   -> 0x", 16[loader]   -> 0x)        = 16
write(2, "0x", 20x)                       = 2
write(2, "7ffff7ff4000", 127ffff7ff4000)            = 12
write(2, "\n", 1
)                       = 1
munmap(0x7ffff7ff4000, 16384)           = -1 EINVAL (Argumento inválido)
mmap(0x7ffff7ff4000, 16384, PROT_READ|PROT_WRITE, MAP_PRIVATE|MAP_FIXED|MAP_ANONYMOUS, -1, 0) = -1 EINVAL (Argumento inválido)
write(2, "[loader]   -> 0x", 16[loader]   -> 0x)        = 16
write(2, "0x", 20x)                       = 2
write(2, "7ffff7ff8000", 127ffff7ff8000)            = 12
write(2, "\n", 1
)                       = 1
munmap(0x7ffff7ff8000, 8192)            = -1 EINVAL (Argumento inválido)
mmap(0x7ffff7ff8000, 8192, PROT_READ|PROT_WRITE, MAP_PRIVATE|MAP_FIXED|MAP_ANONYMOUS, -1, 0) = -1 EINVAL (Argumento inválido)
write(2, "[loader]   -> 0x", 16[loader]   -> 0x)        = 16
write(2, "0x", 20x)                       = 2
write(2, "7ffff7ffc000", 127ffff7ffc000)            = 12
write(2, "\n", 1
)                       = 1
munmap(0x7ffff7ffc000, 4096)            = -1 EINVAL (Argumento inválido)
mmap(0x7ffff7ffc000, 4096, PROT_READ|PROT_WRITE, MAP_PRIVATE|MAP_FIXED|MAP_ANONYMOUS, -1, 0) = -1 EINVAL (Argumento inválido)
write(2, "[loader]   -> 0x", 16[loader]   -> 0x)        = 16
write(2, "0x", 20x)                       = 2
write(2, "7ffff7ffd000", 127ffff7ffd000)            = 12
write(2, "\n", 1
)                       = 1
munmap(0x7ffff7ffd000, 4096)            = -1 EINVAL (Argumento inválido)
mmap(0x7ffff7ffd000, 4096, PROT_READ|PROT_WRITE, MAP_PRIVATE|MAP_FIXED|MAP_ANONYMOUS, -1, 0) = -1 EINVAL (Argumento inválido)
write(2, "[loader]   -> 0x", 16[loader]   -> 0x)        = 16
write(2, "0x", 20x)                       = 2
write(2, "7ffff7ffe000", 127ffff7ffe000)            = 12
write(2, "\n", 1
)                       = 1
munmap(0x7ffff7ffe000, 4096)            = -1 EINVAL (Argumento inválido)
mmap(0x7ffff7ffe000, 4096, PROT_READ|PROT_WRITE, MAP_PRIVATE|MAP_FIXED|MAP_ANONYMOUS, -1, 0) = -1 EINVAL (Argumento inválido)
write(2, "[loader]   -> 0x", 16[loader]   -> 0x)        = 16
write(2, "0x", 20x)                       = 2
write(2, "7ffffffde000", 127ffffffde000)            = 12
write(2, "\n", 1
)                       = 1
munmap(0x7ffffffde000, 135168)          = 0
mmap(0x7ffffffde000, 135168, PROT_READ|PROT_WRITE, MAP_PRIVATE|MAP_FIXED|MAP_ANONYMOUS, -1, 0) = 0x7ffffffde000
mprotect(0x7ffffffde000, 135168, PROT_READ|PROT_WRITE|PROT_EXEC) = 0
write(2, "[loader] Calling setcontext -> f"..., 54[loader] Calling setcontext -> fs_restore_stub -> ROI
) = 54
rt_sigprocmask(SIG_SETMASK, [], NULL, 8) = 0
arch_prctl(ARCH_SET_FS, 0x7ffff07fe700) = 0
--- SIGSEGV {si_signo=SIGSEGV, si_code=SEGV_MAPERR, si_addr=NULL} ---
+++ killed by SIGSEGV (core dumped) +++
